<?xml version="1.0" encoding="UTF-8"?>
<testng-results ignored="0" total="1" passed="1" failed="0" skipped="0">
  <reporter-output>
  </reporter-output>
  <suite started-at="2021-07-12T17:45:18 IST" name="Default suite" finished-at="2021-07-12T17:45:26 IST" duration-ms="8232">
    <groups>
    </groups>
    <test started-at="2021-07-12T17:45:18 IST" name="Default test" finished-at="2021-07-12T17:45:26 IST" duration-ms="8232">
      <class name="Default.NewTest">
        <test-method is-config="true" signature="beforeMethod()[pri:0, instance:Default.NewTest@55f616cf]" started-at="2021-07-12T17:45:18 IST" name="beforeMethod" finished-at="2021-07-12T17:45:18 IST" duration-ms="3" status="PASS">
          <reporter-output>
          </reporter-output>
        </test-method> <!-- beforeMethod -->
        <test-method signature="f()[pri:0, instance:Default.NewTest@55f616cf]" started-at="2021-07-12T17:45:18 IST" name="f" finished-at="2021-07-12T17:45:26 IST" duration-ms="8189" status="PASS">
          <reporter-output>
          </reporter-output>
        </test-method> <!-- f -->
        <test-method is-config="true" signature="afterMethod()[pri:0, instance:Default.NewTest@55f616cf]" started-at="2021-07-12T17:45:26 IST" name="afterMethod" finished-at="2021-07-12T17:45:26 IST" duration-ms="1" status="PASS">
          <reporter-output>
          </reporter-output>
        </test-method> <!-- afterMethod -->
      </class> <!-- Default.NewTest -->
    </test> <!-- Default test -->
  </suite> <!-- Default suite -->
</testng-results>
